0 info it worked if it ends with ok
1 verbose cli [ '/usr/local/bin/node',
1 verbose cli   '/usr/local/bin/npm',
1 verbose cli   'install',
1 verbose cli   'xu-rc-tap' ]
2 info using npm@2.14.12
3 info using node@v4.2.6
4 verbose install initial load of /Users/panchaoo/Desktop/react-components/react-refresh-loadMore/package.json
5 verbose installManyTop reading scoped package data from /Users/panchaoo/Desktop/react-components/react-refresh-loadMore/node_modules/babel-core/package.json
6 verbose installManyTop reading scoped package data from /Users/panchaoo/Desktop/react-components/react-refresh-loadMore/node_modules/babel-eslint/package.json
7 verbose installManyTop reading scoped package data from /Users/panchaoo/Desktop/react-components/react-refresh-loadMore/node_modules/babel-loader/package.json
8 verbose installManyTop reading scoped package data from /Users/panchaoo/Desktop/react-components/react-refresh-loadMore/node_modules/babel-polyfill/package.json
9 verbose installManyTop reading scoped package data from /Users/panchaoo/Desktop/react-components/react-refresh-loadMore/node_modules/babel-preset-es2015/package.json
10 verbose installManyTop reading scoped package data from /Users/panchaoo/Desktop/react-components/react-refresh-loadMore/node_modules/babel-preset-react/package.json
11 verbose installManyTop reading scoped package data from /Users/panchaoo/Desktop/react-components/react-refresh-loadMore/node_modules/babel-preset-stage-0/package.json
12 verbose installManyTop reading scoped package data from /Users/panchaoo/Desktop/react-components/react-refresh-loadMore/node_modules/bower-webpack-plugin/package.json
13 verbose installManyTop reading scoped package data from /Users/panchaoo/Desktop/react-components/react-refresh-loadMore/node_modules/chai/package.json
14 verbose installManyTop reading scoped package data from /Users/panchaoo/Desktop/react-components/react-refresh-loadMore/node_modules/copyfiles/package.json
15 verbose installManyTop reading scoped package data from /Users/panchaoo/Desktop/react-components/react-refresh-loadMore/node_modules/core-js/package.json
16 verbose installManyTop reading scoped package data from /Users/panchaoo/Desktop/react-components/react-refresh-loadMore/node_modules/css-loader/package.json
17 verbose installManyTop reading scoped package data from /Users/panchaoo/Desktop/react-components/react-refresh-loadMore/node_modules/eslint/package.json
18 verbose installManyTop reading scoped package data from /Users/panchaoo/Desktop/react-components/react-refresh-loadMore/node_modules/eslint-loader/package.json
19 verbose installManyTop reading scoped package data from /Users/panchaoo/Desktop/react-components/react-refresh-loadMore/node_modules/eslint-plugin-react/package.json
20 verbose installManyTop reading scoped package data from /Users/panchaoo/Desktop/react-components/react-refresh-loadMore/node_modules/file-loader/package.json
21 verbose installManyTop reading scoped package data from /Users/panchaoo/Desktop/react-components/react-refresh-loadMore/node_modules/glob/package.json
22 verbose installManyTop reading scoped package data from /Users/panchaoo/Desktop/react-components/react-refresh-loadMore/node_modules/history/package.json
23 verbose installManyTop reading scoped package data from /Users/panchaoo/Desktop/react-components/react-refresh-loadMore/node_modules/isparta-instrumenter-loader/package.json
24 verbose installManyTop reading scoped package data from /Users/panchaoo/Desktop/react-components/react-refresh-loadMore/node_modules/karma/package.json
25 verbose installManyTop reading scoped package data from /Users/panchaoo/Desktop/react-components/react-refresh-loadMore/node_modules/karma-chai/package.json
26 verbose installManyTop reading scoped package data from /Users/panchaoo/Desktop/react-components/react-refresh-loadMore/node_modules/karma-coverage/package.json
27 verbose installManyTop reading scoped package data from /Users/panchaoo/Desktop/react-components/react-refresh-loadMore/node_modules/karma-mocha/package.json
28 verbose installManyTop reading scoped package data from /Users/panchaoo/Desktop/react-components/react-refresh-loadMore/node_modules/karma-mocha-reporter/package.json
29 verbose installManyTop reading scoped package data from /Users/panchaoo/Desktop/react-components/react-refresh-loadMore/node_modules/karma-phantomjs-launcher/package.json
30 verbose installManyTop reading scoped package data from /Users/panchaoo/Desktop/react-components/react-refresh-loadMore/node_modules/karma-sourcemap-loader/package.json
31 verbose installManyTop reading scoped package data from /Users/panchaoo/Desktop/react-components/react-refresh-loadMore/node_modules/karma-webpack/package.json
32 verbose installManyTop reading scoped package data from /Users/panchaoo/Desktop/react-components/react-refresh-loadMore/node_modules/less/package.json
33 verbose installManyTop reading scoped package data from /Users/panchaoo/Desktop/react-components/react-refresh-loadMore/node_modules/less-loader/package.json
34 verbose installManyTop reading scoped package data from /Users/panchaoo/Desktop/react-components/react-refresh-loadMore/node_modules/minimist/package.json
35 verbose installManyTop reading scoped package data from /Users/panchaoo/Desktop/react-components/react-refresh-loadMore/node_modules/mocha/package.json
36 verbose installManyTop reading scoped package data from /Users/panchaoo/Desktop/react-components/react-refresh-loadMore/node_modules/normalize.css/package.json
37 verbose installManyTop reading scoped package data from /Users/panchaoo/Desktop/react-components/react-refresh-loadMore/node_modules/null-loader/package.json
38 verbose installManyTop reading scoped package data from /Users/panchaoo/Desktop/react-components/react-refresh-loadMore/node_modules/open/package.json
39 verbose installManyTop reading scoped package data from /Users/panchaoo/Desktop/react-components/react-refresh-loadMore/node_modules/phantomjs-prebuilt/package.json
40 verbose installManyTop reading scoped package data from /Users/panchaoo/Desktop/react-components/react-refresh-loadMore/node_modules/react/package.json
41 verbose installManyTop reading scoped package data from /Users/panchaoo/Desktop/react-components/react-refresh-loadMore/node_modules/react-addons-css-transition-group/package.json
42 verbose installManyTop reading scoped package data from /Users/panchaoo/Desktop/react-components/react-refresh-loadMore/node_modules/react-addons-test-utils/package.json
43 verbose installManyTop reading scoped package data from /Users/panchaoo/Desktop/react-components/react-refresh-loadMore/node_modules/react-dom/package.json
44 verbose installManyTop reading scoped package data from /Users/panchaoo/Desktop/react-components/react-refresh-loadMore/node_modules/react-hot-loader/package.json
45 verbose installManyTop reading scoped package data from /Users/panchaoo/Desktop/react-components/react-refresh-loadMore/node_modules/react-router/package.json
46 verbose installManyTop reading scoped package data from /Users/panchaoo/Desktop/react-components/react-refresh-loadMore/node_modules/react-touch-loader/package.json
47 verbose installManyTop reading scoped package data from /Users/panchaoo/Desktop/react-components/react-refresh-loadMore/node_modules/rimraf/package.json
48 verbose installManyTop reading scoped package data from /Users/panchaoo/Desktop/react-components/react-refresh-loadMore/node_modules/style-loader/package.json
49 verbose installManyTop reading scoped package data from /Users/panchaoo/Desktop/react-components/react-refresh-loadMore/node_modules/swiper/package.json
50 verbose installManyTop reading scoped package data from /Users/panchaoo/Desktop/react-components/react-refresh-loadMore/node_modules/url-loader/package.json
51 verbose installManyTop reading scoped package data from /Users/panchaoo/Desktop/react-components/react-refresh-loadMore/node_modules/webpack/package.json
52 verbose installManyTop reading scoped package data from /Users/panchaoo/Desktop/react-components/react-refresh-loadMore/node_modules/webpack-dev-server/package.json
53 info package.json babel-polyfill@6.9.1 No description
54 info package.json eslint-plugin-react@5.2.2 No README data
55 info package.json less-loader@2.2.3 No license field.
56 verbose readDependencies loading dependencies from /Users/panchaoo/Desktop/react-components/react-refresh-loadMore/package.json
57 silly cache add args [ 'xu-rc-tap', null ]
58 verbose cache add spec xu-rc-tap
59 silly cache add parsed spec Result {
59 silly cache add   raw: 'xu-rc-tap',
59 silly cache add   scope: null,
59 silly cache add   name: 'xu-rc-tap',
59 silly cache add   rawSpec: '',
59 silly cache add   spec: 'latest',
59 silly cache add   type: 'tag' }
60 silly addNamed xu-rc-tap@latest
61 verbose addNamed "latest" is being treated as a dist-tag for xu-rc-tap
62 info addNameTag [ 'xu-rc-tap', 'latest' ]
63 silly mapToRegistry name xu-rc-tap
64 silly mapToRegistry using default registry
65 silly mapToRegistry registry http://registry.npmjs.org/
66 silly mapToRegistry uri http://registry.npmjs.org/xu-rc-tap
67 verbose addNameTag registry:http://registry.npmjs.org/xu-rc-tap not in flight; fetching
68 verbose request uri http://registry.npmjs.org/xu-rc-tap
69 verbose request no auth needed
70 info attempt registry request try #1 at 11:23:16
71 verbose request using bearer token for auth
72 verbose request id ec32e755384a9803
73 verbose etag "3L2ZA1SG60OSIB7TITFJ4K7I3"
74 http request GET http://registry.npmjs.org/xu-rc-tap
75 http 304 http://registry.npmjs.org/xu-rc-tap
76 verbose headers { 'cache-control': 'max-age=300',
76 verbose headers   'accept-ranges': 'bytes',
76 verbose headers   date: 'Mon, 15 Aug 2016 03:23:16 GMT',
76 verbose headers   via: '1.1 varnish',
76 verbose headers   connection: 'keep-alive',
76 verbose headers   'x-served-by': 'cache-lcy1130-LCY',
76 verbose headers   'x-cache': 'MISS',
76 verbose headers   'x-cache-hits': '0',
76 verbose headers   'x-timer': 'S1471231396.574673,VS0,VE367',
76 verbose headers   vary: 'Accept-Encoding' }
77 silly get cb [ 304,
77 silly get   { 'cache-control': 'max-age=300',
77 silly get     'accept-ranges': 'bytes',
77 silly get     date: 'Mon, 15 Aug 2016 03:23:16 GMT',
77 silly get     via: '1.1 varnish',
77 silly get     connection: 'keep-alive',
77 silly get     'x-served-by': 'cache-lcy1130-LCY',
77 silly get     'x-cache': 'MISS',
77 silly get     'x-cache-hits': '0',
77 silly get     'x-timer': 'S1471231396.574673,VS0,VE367',
77 silly get     vary: 'Accept-Encoding' } ]
78 verbose etag http://registry.npmjs.org/xu-rc-tap from cache
79 verbose get saving xu-rc-tap to /Users/panchaoo/.npm/registry.npmjs.org/xu-rc-tap/.cache.json
80 silly addNameTag next cb for xu-rc-tap with tag latest
81 silly addNamed xu-rc-tap@0.1.1
82 verbose addNamed "0.1.1" is a plain semver version for xu-rc-tap
83 silly cache afterAdd xu-rc-tap@0.1.1
84 verbose afterAdd /Users/panchaoo/.npm/xu-rc-tap/0.1.1/package/package.json not in flight; writing
85 verbose afterAdd /Users/panchaoo/.npm/xu-rc-tap/0.1.1/package/package.json written
86 silly install resolved [ { name: 'xu-rc-tap',
86 silly install resolved     version: '0.1.1',
86 silly install resolved     description: 'tap event for mobile',
86 silly install resolved     main: 'index.js',
86 silly install resolved     scripts: { test: 'make test' },
86 silly install resolved     repository:
86 silly install resolved      { type: 'git',
86 silly install resolved        url: 'git+https://github.com/xudao520/react-tap.git' },
86 silly install resolved     keywords: [ 'chauncey' ],
86 silly install resolved     author: { name: 'Chauncey' },
86 silly install resolved     license: 'ISC',
86 silly install resolved     bugs: { url: 'https://github.com/xudao520/react-tap/issues' },
86 silly install resolved     homepage: 'https://github.com/xudao520/react-tap#readme',
86 silly install resolved     readme: 'ERROR: No README data found!',
86 silly install resolved     _id: 'xu-rc-tap@0.1.1',
86 silly install resolved     _shasum: '7d09e7a276cbdc98ca23894d90d5c7a34aad1265',
86 silly install resolved     _from: 'xu-rc-tap@latest' } ]
87 info install xu-rc-tap@0.1.1 into /Users/panchaoo/Desktop/react-components/react-refresh-loadMore
88 info installOne xu-rc-tap@0.1.1
89 verbose installOne of xu-rc-tap to /Users/panchaoo/Desktop/react-components/react-refresh-loadMore not in flight; installing
90 verbose lock using /Users/panchaoo/.npm/_locks/xu-rc-tap-1581aecb55bd6dbf.lock for /Users/panchaoo/Desktop/react-components/react-refresh-loadMore/node_modules/xu-rc-tap
91 silly install write writing xu-rc-tap 0.1.1 to /Users/panchaoo/Desktop/react-components/react-refresh-loadMore/node_modules/xu-rc-tap
92 verbose unbuild node_modules/xu-rc-tap
93 silly gentlyRm /Users/panchaoo/Desktop/react-components/react-refresh-loadMore/node_modules/xu-rc-tap is being purged from base /Users/panchaoo/Desktop/react-components/react-refresh-loadMore
94 verbose gentlyRm don't care about contents; nuking /Users/panchaoo/Desktop/react-components/react-refresh-loadMore/node_modules/xu-rc-tap
95 verbose tar unpack /Users/panchaoo/.npm/xu-rc-tap/0.1.1/package.tgz
96 verbose tar unpacking to /Users/panchaoo/Desktop/react-components/react-refresh-loadMore/node_modules/xu-rc-tap
97 silly gentlyRm /Users/panchaoo/Desktop/react-components/react-refresh-loadMore/node_modules/xu-rc-tap is being purged
98 verbose gentlyRm don't care about contents; nuking /Users/panchaoo/Desktop/react-components/react-refresh-loadMore/node_modules/xu-rc-tap
99 silly gunzTarPerm modes [ '755', '644' ]
100 silly gunzTarPerm extractEntry package.json
101 silly gunzTarPerm extractEntry index.js
102 silly gunzTarPerm extractEntry .idea/.name
103 silly gunzTarPerm extractEntry .idea/encodings.xml
104 silly gunzTarPerm extractEntry .idea/misc.xml
105 silly gunzTarPerm extractEntry .idea/modules.xml
106 silly gunzTarPerm extractEntry .idea/react-tap.iml
107 silly gunzTarPerm extractEntry .idea/workspace.xml
108 verbose write writing to /Users/panchaoo/Desktop/react-components/react-refresh-loadMore/node_modules/xu-rc-tap/package.json
109 info preinstall xu-rc-tap@0.1.1
110 verbose readDependencies loading dependencies from /Users/panchaoo/Desktop/react-components/react-refresh-loadMore/node_modules/xu-rc-tap/package.json
111 verbose readDependencies loading dependencies from /Users/panchaoo/Desktop/react-components/react-refresh-loadMore/node_modules/xu-rc-tap/package.json
112 silly install resolved []
113 verbose about to build /Users/panchaoo/Desktop/react-components/react-refresh-loadMore/node_modules/xu-rc-tap
114 info build /Users/panchaoo/Desktop/react-components/react-refresh-loadMore/node_modules/xu-rc-tap
115 info linkStuff xu-rc-tap@0.1.1
116 silly linkStuff xu-rc-tap@0.1.1 has /Users/panchaoo/Desktop/react-components/react-refresh-loadMore/node_modules as its parent node_modules
117 verbose linkBins xu-rc-tap@0.1.1
118 verbose linkMans xu-rc-tap@0.1.1
119 verbose rebuildBundles xu-rc-tap@0.1.1
120 info install xu-rc-tap@0.1.1
121 info postinstall xu-rc-tap@0.1.1
122 verbose unlock done using /Users/panchaoo/.npm/_locks/xu-rc-tap-1581aecb55bd6dbf.lock for /Users/panchaoo/Desktop/react-components/react-refresh-loadMore/node_modules/xu-rc-tap
123 verbose validateInstall loading /Users/panchaoo/Desktop/react-components/react-refresh-loadMore/package.json for validation
124 verbose stack Error: The package react@15.1.0 does not satisfy its siblings' peerDependencies requirements!
124 verbose stack     at /usr/local/lib/node_modules/npm/lib/install.js:125:32
124 verbose stack     at /usr/local/lib/node_modules/npm/lib/install.js:268:7
124 verbose stack     at /usr/local/lib/node_modules/npm/node_modules/read-installed/read-installed.js:142:5
124 verbose stack     at /usr/local/lib/node_modules/npm/node_modules/read-installed/read-installed.js:263:14
124 verbose stack     at cb (/usr/local/lib/node_modules/npm/node_modules/slide/lib/async-map.js:47:24)
124 verbose stack     at /usr/local/lib/node_modules/npm/node_modules/read-installed/read-installed.js:263:14
124 verbose stack     at cb (/usr/local/lib/node_modules/npm/node_modules/slide/lib/async-map.js:47:24)
124 verbose stack     at /usr/local/lib/node_modules/npm/node_modules/read-installed/read-installed.js:263:14
124 verbose stack     at cb (/usr/local/lib/node_modules/npm/node_modules/slide/lib/async-map.js:47:24)
124 verbose stack     at /usr/local/lib/node_modules/npm/node_modules/read-installed/read-installed.js:263:14
125 verbose cwd /Users/panchaoo/Desktop/react-components/react-refresh-loadMore
126 error Darwin 14.5.0
127 error argv "/usr/local/bin/node" "/usr/local/bin/npm" "install" "xu-rc-tap"
128 error node v4.2.6
129 error npm  v2.14.12
130 error code EPEERINVALID
131 error peerinvalid The package react@15.1.0 does not satisfy its siblings' peerDependencies requirements!
131 error peerinvalid Peer react-dom@15.1.0 wants react@^15.1.0
131 error peerinvalid Peer react-addons-test-utils@15.1.0 wants react@^15.1.0
131 error peerinvalid Peer react-addons-css-transition-group@0.14.8 wants react@^0.14.8
132 verbose exit [ 1, true ]
